22:48:31.892 [main] INFO  testCases.TC_001_AccountRegistrationTest - ***  Starting TC_001_AccountRegistrationTest ***
22:48:31.974 [main] INFO  testCases.TC_001_AccountRegistrationTest - Clicked on My account link
22:48:32.228 [main] INFO  testCases.TC_001_AccountRegistrationTest - Clicked on register link
22:48:32.230 [main] INFO  testCases.TC_001_AccountRegistrationTest - Providing customer data
22:48:33.539 [main] ERROR testCases.TC_001_AccountRegistrationTest - test failed
22:50:00.367 [main] DEBUG io.netty.util.internal.logging.InternalLoggerFactory - Using Log4J2 as the default logging framework
22:50:00.374 [main] DEBUG io.netty.util.ResourceLeakDetector - -Dio.netty.leakDetection.level: simple
22:50:00.374 [main] DEBUG io.netty.util.ResourceLeakDetector - -Dio.netty.leakDetection.targetRecords: 4
22:50:00.377 [main] DEBUG io.netty.util.ResourceLeakDetectorFactory - Loaded default ResourceLeakDetector: io.netty.util.ResourceLeakDetector@66e889df
22:50:00.389 [main] DEBUG io.netty.util.internal.PlatformDependent0 - -Dio.netty.noUnsafe: false
22:50:00.390 [main] DEBUG io.netty.util.internal.PlatformDependent0 - Java version: 18
22:50:00.390 [main] DEBUG io.netty.util.internal.PlatformDependent0 - sun.misc.Unsafe.theUnsafe: available
22:50:00.391 [main] DEBUG io.netty.util.internal.PlatformDependent0 - sun.misc.Unsafe.copyMemory: available
22:50:00.391 [main] DEBUG io.netty.util.internal.PlatformDependent0 - sun.misc.Unsafe.storeFence: available
22:50:00.391 [main] DEBUG io.netty.util.internal.PlatformDependent0 - java.nio.Buffer.address: available
22:50:00.392 [main] DEBUG io.netty.util.internal.PlatformDependent0 - direct buffer constructor: unavailable: Reflective setAccessible(true) disabled
22:50:00.392 [main] DEBUG io.netty.util.internal.PlatformDependent0 - java.nio.Bits.unaligned: available, true
22:50:00.393 [main] DEBUG io.netty.util.internal.PlatformDependent0 - jdk.internal.misc.Unsafe.allocateUninitializedArray(int): unavailable: class io.netty.util.internal.PlatformDependent0$7 cannot access class jdk.internal.misc.Unsafe (in module java.base) because module java.base does not export jdk.internal.misc to unnamed module @6477463f
22:50:00.393 [main] DEBUG io.netty.util.internal.PlatformDependent0 - java.nio.DirectByteBuffer.<init>(long, int): unavailable
22:50:00.394 [main] DEBUG io.netty.util.internal.PlatformDependent - sun.misc.Unsafe: available
22:50:00.394 [main] DEBUG io.netty.util.internal.PlatformDependent - maxDirectMemory: 4261412864 bytes (maybe)
22:50:00.394 [main] DEBUG io.netty.util.internal.PlatformDependent - -Dio.netty.tmpdir: C:\Users\nchor\AppData\Local\Temp (java.io.tmpdir)
22:50:00.394 [main] DEBUG io.netty.util.internal.PlatformDependent - -Dio.netty.bitMode: 64 (sun.arch.data.model)
22:50:00.394 [main] DEBUG io.netty.util.internal.PlatformDependent - Platform: Windows
22:50:00.395 [main] DEBUG io.netty.util.internal.PlatformDependent - -Dio.netty.maxDirectMemory: -1 bytes
22:50:00.395 [main] DEBUG io.netty.util.internal.PlatformDependent - -Dio.netty.uninitializedArrayAllocationThreshold: -1
22:50:00.396 [main] DEBUG io.netty.util.internal.CleanerJava9 - java.nio.ByteBuffer.cleaner(): available
22:50:00.396 [main] DEBUG io.netty.util.internal.PlatformDependent - -Dio.netty.noPreferDirect: false
22:50:00.402 [main] DEBUG io.netty.util.internal.PlatformDependent - org.jctools-core.MpscChunkedArrayQueue: available
22:50:00.413 [main] DEBUG io.netty.util.internal.InternalThreadLocalMap - -Dio.netty.threadLocalMap.stringBuilder.initialSize: 1024
22:50:00.414 [main] DEBUG io.netty.util.internal.InternalThreadLocalMap - -Dio.netty.threadLocalMap.stringBuilder.maxSize: 4096
22:50:00.462 [main] DEBUG io.netty.handler.ssl.JdkSslContext - Default protocols (JDK): [TLSv1.3, TLSv1.2] 
22:50:00.462 [main] DEBUG io.netty.handler.ssl.JdkSslContext - Default cipher suites (JDK): [TLS_ECDHE_ECDSA_WITH_AES_256_GCM_SHA384, TLS_ECDHE_ECDSA_WITH_AES_128_GCM_SHA256, TLS_ECDHE_RSA_WITH_AES_128_GCM_SHA256, TLS_ECDHE_RSA_WITH_AES_256_GCM_SHA384, TLS_ECDHE_RSA_WITH_AES_128_CBC_SHA, TLS_ECDHE_RSA_WITH_AES_256_CBC_SHA, TLS_RSA_WITH_AES_128_GCM_SHA256, TLS_RSA_WITH_AES_128_CBC_SHA, TLS_RSA_WITH_AES_256_CBC_SHA, TLS_AES_128_GCM_SHA256, TLS_AES_256_GCM_SHA384]
22:50:00.470 [main] DEBUG io.netty.util.concurrent.GlobalEventExecutor - -Dio.netty.globalEventExecutor.quietPeriodSeconds: 1
22:50:00.479 [main] DEBUG io.netty.channel.MultithreadEventLoopGroup - -Dio.netty.eventLoopThreads: 24
22:50:00.484 [main] DEBUG io.netty.channel.nio.NioEventLoop - -Dio.netty.noKeySetOptimization: false
22:50:00.484 [main] DEBUG io.netty.channel.nio.NioEventLoop - -Dio.netty.selectorAutoRebuildThreshold: 512
22:50:00.520 [main] DEBUG io.netty.buffer.PooledByteBufAllocator - -Dio.netty.allocator.numHeapArenas: 24
22:50:00.520 [main] DEBUG io.netty.buffer.PooledByteBufAllocator - -Dio.netty.allocator.numDirectArenas: 24
22:50:00.520 [main] DEBUG io.netty.buffer.PooledByteBufAllocator - -Dio.netty.allocator.pageSize: 8192
22:50:00.520 [main] DEBUG io.netty.buffer.PooledByteBufAllocator - -Dio.netty.allocator.maxOrder: 9
22:50:00.520 [main] DEBUG io.netty.buffer.PooledByteBufAllocator - -Dio.netty.allocator.chunkSize: 4194304
22:50:00.520 [main] DEBUG io.netty.buffer.PooledByteBufAllocator - -Dio.netty.allocator.smallCacheSize: 256
22:50:00.520 [main] DEBUG io.netty.buffer.PooledByteBufAllocator - -Dio.netty.allocator.normalCacheSize: 64
22:50:00.521 [main] DEBUG io.netty.buffer.PooledByteBufAllocator - -Dio.netty.allocator.maxCachedBufferCapacity: 32768
22:50:00.521 [main] DEBUG io.netty.buffer.PooledByteBufAllocator - -Dio.netty.allocator.cacheTrimInterval: 8192
22:50:00.521 [main] DEBUG io.netty.buffer.PooledByteBufAllocator - -Dio.netty.allocator.cacheTrimIntervalMillis: 0
22:50:00.521 [main] DEBUG io.netty.buffer.PooledByteBufAllocator - -Dio.netty.allocator.useCacheForAllThreads: false
22:50:00.521 [main] DEBUG io.netty.buffer.PooledByteBufAllocator - -Dio.netty.allocator.maxCachedByteBuffersPerChunk: 1023
22:50:00.528 [main] DEBUG io.netty.buffer.ByteBufUtil - -Dio.netty.allocator.type: pooled
22:50:00.529 [main] DEBUG io.netty.buffer.ByteBufUtil - -Dio.netty.threadLocalDirectBufferSize: 0
22:50:00.529 [main] DEBUG io.netty.buffer.ByteBufUtil - -Dio.netty.maxThreadLocalCharBufferSize: 16384
22:50:00.768 [Forwarding newSession on session null to remote] DEBUG io.netty.channel.DefaultChannelId - -Dio.netty.processId: 4756 (auto-detected)
22:50:00.769 [Forwarding newSession on session null to remote] DEBUG io.netty.util.NetUtil - -Djava.net.preferIPv4Stack: false
22:50:00.769 [Forwarding newSession on session null to remote] DEBUG io.netty.util.NetUtil - -Djava.net.preferIPv6Addresses: false
22:50:00.782 [Forwarding newSession on session null to remote] DEBUG io.netty.util.NetUtilInitializations - Loopback interface: lo (Software Loopback Interface 1, 127.0.0.1)
22:50:00.783 [Forwarding newSession on session null to remote] DEBUG io.netty.util.NetUtil - Failed to get SOMAXCONN from sysctl and file \proc\sys\net\core\somaxconn. Default: 200
22:50:00.807 [Forwarding newSession on session null to remote] DEBUG io.netty.channel.DefaultChannelId - -Dio.netty.machineId: 04:6c:59:ff:fe:de:9b:a8 (auto-detected)
22:50:00.837 [AsyncHttpClient-1-2] DEBUG io.netty.buffer.AbstractByteBuf - -Dio.netty.buffer.checkAccessible: true
22:50:00.838 [AsyncHttpClient-1-2] DEBUG io.netty.buffer.AbstractByteBuf - -Dio.netty.buffer.checkBounds: true
22:50:00.838 [AsyncHttpClient-1-2] DEBUG io.netty.util.ResourceLeakDetectorFactory - Loaded default ResourceLeakDetector: io.netty.util.ResourceLeakDetector@db36a99
22:50:00.858 [AsyncHttpClient-1-2] DEBUG io.netty.util.Recycler - -Dio.netty.recycler.maxCapacityPerThread: 4096
22:50:00.858 [AsyncHttpClient-1-2] DEBUG io.netty.util.Recycler - -Dio.netty.recycler.ratio: 8
22:50:00.858 [AsyncHttpClient-1-2] DEBUG io.netty.util.Recycler - -Dio.netty.recycler.chunkSize: 32
22:50:00.858 [AsyncHttpClient-1-2] DEBUG io.netty.util.Recycler - -Dio.netty.recycler.blocking: false
22:50:00.858 [AsyncHttpClient-1-2] DEBUG io.netty.util.Recycler - -Dio.netty.recycler.batchFastThreadLocalOnly: true
22:50:01.674 [AsyncHttpClient-1-2] DEBUG io.netty.handler.codec.compression.Brotli - brotli4j not in the classpath; Brotli support will be unavailable.
22:50:01.743 [main] DEBUG io.netty.util.internal.ThreadLocalRandom - -Dio.netty.initialSeedUniquifier: 0xf3090122063b775a
22:50:02.547 [main] DEBUG testCases.TC_001_AccountRegistrationTest - application logs......
22:50:02.547 [main] INFO  testCases.TC_001_AccountRegistrationTest - ***  Starting TC_001_AccountRegistrationTest ***
22:50:02.625 [main] INFO  testCases.TC_001_AccountRegistrationTest - Clicked on My account link
22:50:02.906 [main] INFO  testCases.TC_001_AccountRegistrationTest - Clicked on register link
22:50:02.908 [main] INFO  testCases.TC_001_AccountRegistrationTest - Providing customer data
22:50:04.203 [main] ERROR testCases.TC_001_AccountRegistrationTest - test failed
22:57:13.033 [main] INFO  testCases.TC_001_AccountRegistrationTest - ***  Starting TC_001_AccountRegistrationTest ***
22:57:13.106 [main] INFO  testCases.TC_001_AccountRegistrationTest - Clicked on My account link
22:57:13.358 [main] INFO  testCases.TC_001_AccountRegistrationTest - Clicked on register link
22:57:13.361 [main] INFO  testCases.TC_001_AccountRegistrationTest - Providing customer data
22:57:14.619 [main] ERROR testCases.TC_001_AccountRegistrationTest - test failed
22:57:49.485 [main] INFO  testCases.TC_001_AccountRegistrationTest - ***  Starting TC_001_AccountRegistrationTest ***
22:57:49.553 [main] INFO  testCases.TC_001_AccountRegistrationTest - Clicked on My account link
22:57:49.914 [main] INFO  testCases.TC_001_AccountRegistrationTest - Clicked on register link
22:57:49.916 [main] INFO  testCases.TC_001_AccountRegistrationTest - Providing customer data
22:57:51.177 [main] ERROR testCases.TC_001_AccountRegistrationTest - test failed
22:58:22.882 [main] INFO  testCases.TC_001_AccountRegistrationTest - ***  Starting TC_001_AccountRegistrationTest ***
22:58:22.955 [main] INFO  testCases.TC_001_AccountRegistrationTest - Clicked on My account link
22:58:23.261 [main] INFO  testCases.TC_001_AccountRegistrationTest - Clicked on register link
22:58:23.262 [main] INFO  testCases.TC_001_AccountRegistrationTest - Providing customer data
22:58:24.561 [main] ERROR testCases.TC_001_AccountRegistrationTest - test failed
23:01:46.808 [main] INFO  testCases.TC_001_AccountRegistrationTest - ***  Starting TC_001_AccountRegistrationTest ***
23:01:46.888 [main] INFO  testCases.TC_001_AccountRegistrationTest - Clicked on My account link
23:01:47.191 [main] INFO  testCases.TC_001_AccountRegistrationTest - Clicked on register link
23:01:47.193 [main] INFO  testCases.TC_001_AccountRegistrationTest - Providing customer data
23:01:48.439 [main] ERROR testCases.TC_001_AccountRegistrationTest - test failed
13:26:52.342 [main] INFO  testCases.TC_001_AccountRegistrationTest - ***  Starting TC_001_AccountRegistrationTest ***
13:26:52.420 [main] INFO  testCases.TC_001_AccountRegistrationTest - Clicked on My account link
13:26:52.875 [main] INFO  testCases.TC_001_AccountRegistrationTest - Clicked on register link
13:26:52.876 [main] INFO  testCases.TC_001_AccountRegistrationTest - Providing customer data
13:26:54.181 [main] ERROR testCases.TC_001_AccountRegistrationTest - test failed
13:27:42.858 [main] INFO  testCases.TC_001_AccountRegistrationTest - ***  Starting TC_001_AccountRegistrationTest ***
13:27:42.933 [main] INFO  testCases.TC_001_AccountRegistrationTest - Clicked on My account link
13:27:43.279 [main] INFO  testCases.TC_001_AccountRegistrationTest - Clicked on register link
13:27:43.281 [main] INFO  testCases.TC_001_AccountRegistrationTest - Providing customer data
13:27:44.582 [main] ERROR testCases.TC_001_AccountRegistrationTest - test failed
13:30:58.417 [TestNG-tests-1] INFO  testCases.TC_001_AccountRegistrationTest - ***  Starting TC_001_AccountRegistrationTest ***
13:30:58.503 [TestNG-tests-1] INFO  testCases.TC_001_AccountRegistrationTest - Clicked on My account link
13:30:58.848 [TestNG-tests-1] INFO  testCases.TC_001_AccountRegistrationTest - Clicked on register link
13:30:58.850 [TestNG-tests-1] INFO  testCases.TC_001_AccountRegistrationTest - Providing customer data
13:30:59.671 [TestNG-tests-2] INFO  testCases.TC_001_AccountRegistrationTest - ***  Starting TC_001_AccountRegistrationTest ***
13:30:59.737 [TestNG-tests-2] INFO  testCases.TC_001_AccountRegistrationTest - Clicked on My account link
13:31:00.036 [TestNG-tests-2] INFO  testCases.TC_001_AccountRegistrationTest - Clicked on register link
13:31:00.037 [TestNG-tests-2] INFO  testCases.TC_001_AccountRegistrationTest - Providing customer data
13:31:00.136 [TestNG-tests-1] ERROR testCases.TC_001_AccountRegistrationTest - test failed
13:31:01.369 [TestNG-tests-2] ERROR testCases.TC_001_AccountRegistrationTest - test failed
13:56:22.646 [main] ERROR testCases.TC_001_AccountRegistrationTest - test failed
14:45:02.108 [main] ERROR testCases.TC_001_AccountRegistrationTest - test failed
20:54:16.536 [main] ERROR testCases.TC_001_AccountRegistrationTest - test failed
20:59:18.775 [main] ERROR testCases.TC_001_AccountRegistrationTest - test failed
20:14:24.042 [main] ERROR testCases.TC_001_AccountRegistrationTest - test failed
20:38:25.209 [main] ERROR testCases.TC_001_AccountRegistrationTest - test failed
20:44:39.282 [main] ERROR testCases.TC_001_AccountRegistrationTest - test failed
